warning: doxygen no longer ships with the FreeSans font.
You may want to clear or change DOT_FONTNAME.
Otherwise you run the risk that the wrong font is being used for dot generated graphs.
warning: The selected output language "polish" has not been updated
since release 1.8.2.  As a result some sentences may appear in English.

/home/wojtek/Desktop/zamp/etap2/program/inc/geomVector.hh:405: warning: documented symbol `Type geom::Vector< Type, Size >::operator&' was not declared or defined.
/home/wojtek/Desktop/zamp/etap2/program/inc/ProgramInterpreter.hh:157: warning: argument 'sFileName' of command @param is not found in the argument list of ProgramInterpreter::SendSceneState2Server()
/home/wojtek/Desktop/zamp/etap2/program/inc/Set4LibInterfaces.hh:31: warning: argument 'PMobObj' of command @param is not found in the argument list of Set4LibInterfaces::Add(std::shared_ptr< LibInterface > &pLibInterface)
/home/wojtek/Desktop/zamp/etap2/program/inc/Set4LibInterfaces.hh:34: warning: The following parameters of Set4LibInterfaces::Add(std::shared_ptr< LibInterface > &pLibInterface) are not documented:
  parameter 'pLibInterface'
/home/wojtek/Desktop/zamp/etap2/program/inc/Set4LibInterfaces.hh:38: warning: argument 'PMobObj' of command @param is not found in the argument list of Set4LibInterfaces::Find(const char *sName, std::shared_ptr< LibInterface > &LibInterface)
/home/wojtek/Desktop/zamp/etap2/program/inc/Set4LibInterfaces.hh:44: warning: The following parameters of Set4LibInterfaces::Find(const char *sName, std::shared_ptr< LibInterface > &LibInterface) are not documented:
  parameter 'LibInterface'
/home/wojtek/Desktop/zamp/etap2/program/src/xmlinterp.cpp:248: warning: Unsupported xml/html tag </Lib> found
/home/wojtek/Desktop/zamp/etap2/program/inc/xmlinterp.hh:54: warning: The following parameters of XMLInterp4Config::endElement(const XMLCh *const pURI, const XMLCh *const pLocalName, const XMLCh *const pQName) are not documented:
  parameter 'pURI'
  parameter 'pQName'
/home/wojtek/Desktop/zamp/etap2/program/src/xmlinterp.cpp:296: warning: argument 'Except' of command @param is not found in the argument list of XMLInterp4Config::error(const xercesc::SAXParseException &Exception)
/home/wojtek/Desktop/zamp/etap2/program/inc/xmlinterp.hh:66: warning: The following parameters of XMLInterp4Config::error(const xercesc::SAXParseException &Exception) are not documented:
  parameter 'Exception'
/home/wojtek/Desktop/zamp/etap2/program/inc/xmlinterp.hh:44: warning: The following parameters of XMLInterp4Config::startElement(const XMLCh *const pURI, const XMLCh *const pLocalName, const XMLCh *const pQNname, const xercesc::Attributes &Attrs) are not documented:
  parameter 'pURI'
  parameter 'pQNname'
sh: 1: dot: not found
error: Problems running dot: exit code=127, command='dot', arguments='"/home/wojtek/Desktop/zamp/etap2/program/dox/doc/html/AccessControl_8hh__dep__incl.dot" -Tpng -o "/home/wojtek/Desktop/zamp/etap2/program/dox/doc/html/AccessControl_8hh__dep__incl.png"'
sh: 1: dot: not found
error: Problems running dot: exit code=127, command='dot', arguments='"/home/wojtek/Desktop/zamp/etap2/program/dox/doc/html/AccessControl_8hh__incl.dot" -Tpng -o "/home/wojtek/Desktop/zamp/etap2/program/dox/doc/html/AccessControl_8hh__incl.png"'
sh: 1: dot: not found
sh: 1: dot: not found
error: Problems running dot: exit code=127, command='dot', arguments='"/home/wojtek/Desktop/zamp/etap2/program/dox/doc/html/Configuration_8hh__incl.dot" -Tpng -o "/home/wojtek/Desktop/zamp/etap2/program/dox/doc/html/Configuration_8hh__incl.png"'
error: Problems running dot: exit code=127, command='dot', arguments='"/home/wojtek/Desktop/zamp/etap2/program/dox/doc/html/Configuration_8hh__dep__incl.dot" -Tpng -o "/home/wojtek/Desktop/zamp/etap2/program/dox/doc/html/Configuration_8hh__dep__incl.png"'
sh: 1: dot: not found
sh: 1: dot: not found
error: Problems running dot: exit code=127, command='dot', arguments='"/home/wojtek/Desktop/zamp/etap2/program/dox/doc/html/Cuboid_8hh__dep__incl.dot" -Tpng -o "/home/wojtek/Desktop/zamp/etap2/program/dox/doc/html/Cuboid_8hh__dep__incl.png"'
sh: 1: dot: not found
error: Problems running dot: exit code=127, command='dot', arguments='"/home/wojtek/Desktop/zamp/etap2/program/dox/doc/html/Cuboid_8hh__incl.dot" -Tpng -o "/home/wojtek/Desktop/zamp/etap2/program/dox/doc/html/Cuboid_8hh__incl.png"'
error: Problems running dot: exit code=127, command='dot', arguments='"/home/wojtek/Desktop/zamp/etap2/program/dox/doc/html/geomVector_8hh__dep__incl.dot" -Tpng -o "/home/wojtek/Desktop/zamp/etap2/program/dox/doc/html/geomVector_8hh__dep__incl.png"'
sh: 1: dot: not found
error: Problems running dot: exit code=127, command='dot', arguments='"/home/wojtek/Desktop/zamp/etap2/program/dox/doc/html/geomVector_8hh__incl.dot" -Tpng -o "/home/wojtek/Desktop/zamp/etap2/program/dox/doc/html/geomVector_8hh__incl.png"'
sh: 1: dot: not found
error: Problems running dot: exit code=127, command='dot', arguments='"/home/wojtek/Desktop/zamp/etap2/program/dox/doc/html/Interp4Command_8hh__dep__incl.dot" -Tpng -o "/home/wojtek/Desktop/zamp/etap2/program/dox/doc/html/Interp4Command_8hh__dep__incl.png"'
sh: 1: dot: not found
sh: 1: dot: not found
error: Problems running dot: exit code=127, command='dot', arguments='"/home/wojtek/Desktop/zamp/etap2/program/dox/doc/html/Interp4Command_8hh__incl.dot" -Tpng -o "/home/wojtek/Desktop/zamp/etap2/program/dox/doc/html/Interp4Command_8hh__incl.png"'
error: Problems running dot: exit code=127, command='dot', arguments='"/home/wojtek/Desktop/zamp/etap2/program/dox/doc/html/Interp4Move_8cpp__incl.dot" -Tpng -o "/home/wojtek/Desktop/zamp/etap2/program/dox/doc/html/Interp4Move_8cpp__incl.png"'
sh: 1: dot: not found
error: Problems running dot: exit code=127, command='dot', arguments='"/home/wojtek/Desktop/zamp/etap2/program/dox/doc/html/Interp4Move_8cpp_ad4f8d6a4dc782b0f28c6d962b417afdb_cgraph.dot" -Tpng -o "/home/wojtek/Desktop/zamp/etap2/program/dox/doc/html/Interp4Move_8cpp_ad4f8d6a4dc782b0f28c6d962b417afdb_cgraph.png"'
sh: 1: dot: not found
error: Problems running dot: exit code=127, command='dot', arguments='"/home/wojtek/Desktop/zamp/etap2/program/dox/doc/html/Interp4Move_8cpp_a161c2be237a6e239fb12733df42be258_icgraph.dot" -Tpng -o "/home/wojtek/Desktop/zamp/etap2/program/dox/doc/html/Interp4Move_8cpp_a161c2be237a6e239fb12733df42be258_icgraph.png"'
sh: 1: dot: not found
sh: 1: dot: not found
error: Problems running dot: exit code=127, command='dot', arguments='"/home/wojtek/Desktop/zamp/etap2/program/dox/doc/html/Interp4Pause_8cpp__incl.dot" -Tpng -o "/home/wojtek/Desktop/zamp/etap2/program/dox/doc/html/Interp4Pause_8cpp__incl.png"'
error: Problems running dot: exit code=127, command='dot', arguments='"/home/wojtek/Desktop/zamp/etap2/program/dox/doc/html/Interp4Move_8hh__dep__incl.dot" -Tpng -o "/home/wojtek/Desktop/zamp/etap2/program/dox/doc/html/Interp4Move_8hh__dep__incl.png"'
sh: 1: dot: not found
sh: 1: dot: not found
error: Problems running dot: exit code=127, command='dot', arguments='"/home/wojtek/Desktop/zamp/etap2/program/dox/doc/html/Interp4Move_8hh__incl.dot" -Tpng -o "/home/wojtek/Desktop/zamp/etap2/program/dox/doc/html/Interp4Move_8hh__incl.png"'
sh: 1: dot: not found
error: Problems running dot: exit code=127, command='dot', arguments='"/home/wojtek/Desktop/zamp/etap2/program/dox/doc/html/Interp4Pause_8cpp_a0ab483787498a2b002838d9426437be6_cgraph.dot" -Tpng -o "/home/wojtek/Desktop/zamp/etap2/program/dox/doc/html/Interp4Pause_8cpp_a0ab483787498a2b002838d9426437be6_cgraph.png"'
error: Problems running dot: exit code=127, command='dot', arguments='"/home/wojtek/Desktop/zamp/etap2/program/dox/doc/html/Interp4Pause_8cpp_a161c2be237a6e239fb12733df42be258_icgraph.dot" -Tpng -o "/home/wojtek/Desktop/zamp/etap2/program/dox/doc/html/Interp4Pause_8cpp_a161c2be237a6e239fb12733df42be258_icgraph.png"'
sh: 1: dot: not found
sh: 1: error: Problems running dot: exit code=127, command='dot', arguments='"/home/wojtek/Desktop/zamp/etap2/program/dox/doc/html/Interp4Pause_8hh__dep__incl.dot" -Tpng -o "/home/wojtek/Desktop/zamp/etap2/program/dox/doc/html/Interp4Pause_8hh__dep__incl.png"'
dot: not found
sh: 1: dot: not found
error: Problems running dot: exit code=127, command='dot', arguments='"/home/wojtek/Desktop/zamp/etap2/program/dox/doc/html/Interp4Pause_8hh__incl.dot" -Tpng -o "/home/wojtek/Desktop/zamp/etap2/program/dox/doc/html/Interp4Pause_8hh__incl.png"'
error: Problems running dot: exit code=127, command='dot', arguments='"/home/wojtek/Desktop/zamp/etap2/program/dox/doc/html/Interp4Rotate_8cpp__incl.dot" -Tpng -o "/home/wojtek/Desktop/zamp/etap2/program/dox/doc/html/Interp4Rotate_8cpp__incl.png"'
sh: 1: dot: not found
error: Problems running dot: exit code=127, command='dot', arguments='"/home/wojtek/Desktop/zamp/etap2/program/dox/doc/html/Interp4Rotate_8cpp_a161c2be237a6e239fb12733df42be258_icgraph.dot" -Tpng -o "/home/wojtek/Desktop/zamp/etap2/program/dox/doc/html/Interp4Rotate_8cpp_a161c2be237a6e239fb12733df42be258_icgraph.png"'
sh: 1: dot: not found
error: Problems running dot: exit code=127, command='dot', arguments='"/home/wojtek/Desktop/zamp/etap2/program/dox/doc/html/Interp4Rotate_8cpp_a0ab483787498a2b002838d9426437be6_cgraph.dot" -Tpng -o "/home/wojtek/Desktop/zamp/etap2/program/dox/doc/html/Interp4Rotate_8cpp_a0ab483787498a2b002838d9426437be6_cgraph.png"'
sh: 1: dot: not found
sh: 1: dot: not found
error: Problems running dot: exit code=127, command='dot', arguments='"/home/wojtek/Desktop/zamp/etap2/program/dox/doc/html/Interp4Set_8cpp__incl.dot" -Tpng -o "/home/wojtek/Desktop/zamp/etap2/program/dox/doc/html/Interp4Set_8cpp__incl.png"'
error: Problems running dot: exit code=127, command='dot', arguments='"/home/wojtek/Desktop/zamp/etap2/program/dox/doc/html/Interp4Rotate_8hh__incl.dot" -Tpng -o "/home/wojtek/Desktop/zamp/etap2/program/dox/doc/html/Interp4Rotate_8hh__incl.png"'
sh: 1: dot: not found
error: Problems running dot: exit code=127, command='dot', arguments='"/home/wojtek/Desktop/zamp/etap2/program/dox/doc/html/Interp4Rotate_8hh__dep__incl.dot" -Tpng -o "/home/wojtek/Desktop/zamp/etap2/program/dox/doc/html/Interp4Rotate_8hh__dep__incl.png"'
sh: 1: dot: not found
sh: 1: dot: not found
error: Problems running dot: exit code=127, command='dot', arguments='"/home/wojtek/Desktop/zamp/etap2/program/dox/doc/html/Interp4Set_8cpp_a161c2be237a6e239fb12733df42be258_icgraph.dot" -Tpng -o "/home/wojtek/Desktop/zamp/etap2/program/dox/doc/html/Interp4Set_8cpp_a161c2be237a6e239fb12733df42be258_icgraph.png"'
error: Problems running dot: exit code=127, command='dot', arguments='"/home/wojtek/Desktop/zamp/etap2/program/dox/doc/html/Interp4Set_8cpp_a0ab483787498a2b002838d9426437be6_cgraph.dot" -Tpng -o "/home/wojtek/Desktop/zamp/etap2/program/dox/doc/html/Interp4Set_8cpp_a0ab483787498a2b002838d9426437be6_cgraph.png"'
sh: 1: dot: not found
sh: 1: dot: not found
error: Problems running dot: exit code=127, command='dot', arguments='"/home/wojtek/Desktop/zamp/etap2/program/dox/doc/html/Interp4Set_8hh__dep__incl.dot" -Tpng -o "/home/wojtek/Desktop/zamp/etap2/program/dox/doc/html/Interp4Set_8hh__dep__incl.png"'
error: Problems running dot: exit code=127, command='dot', arguments='"/home/wojtek/Desktop/zamp/etap2/program/dox/doc/html/Interp4Set_8hh__incl.dot" -Tpng -o "/home/wojtek/Desktop/zamp/etap2/program/dox/doc/html/Interp4Set_8hh__incl.png"'
sh: 1: dot: not found
error: Problems running dot: exit code=127, command='dot', arguments='"/home/wojtek/Desktop/zamp/etap2/program/dox/doc/html/LibInterface_8hh__dep__incl.dot" -Tpng -o "/home/wojtek/Desktop/zamp/etap2/program/dox/doc/html/LibInterface_8hh__dep__incl.png"'
sh: 1: dot: not found
sh: 1: dot: not found
error: Problems running dot: exit code=127, command='dot', arguments='"/home/wojtek/Desktop/zamp/etap2/program/dox/doc/html/MobileObj_8hh__incl.dot" -Tpng -o "/home/wojtek/Desktop/zamp/etap2/program/dox/doc/html/MobileObj_8hh__incl.png"'
error: Problems running dot: exit code=127, command='dot', arguments='"/home/wojtek/Desktop/zamp/etap2/program/dox/doc/html/LibInterface_8hh__incl.dot" -Tpng -o "/home/wojtek/Desktop/zamp/etap2/program/dox/doc/html/LibInterface_8hh__incl.png"'
sh: 1: dot: not found
error: Problems running dot: exit code=127, command='dot', arguments='"/home/wojtek/Desktop/zamp/etap2/program/dox/doc/html/MobileObj_8hh__dep__incl.dot" -Tpng -o "/home/wojtek/Desktop/zamp/etap2/program/dox/doc/html/MobileObj_8hh__dep__incl.png"'
sh: 1: dot: not found
sh: 1: dot: not found
error: Problems running dot: exit code=127, command='dot', arguments='"/home/wojtek/Desktop/zamp/etap2/program/dox/doc/html/main_8cpp__incl.dot" -Tpng -o "/home/wojtek/Desktop/zamp/etap2/program/dox/doc/html/main_8cpp__incl.png"'
sh: 1: dot: not found
error: Problems running dot: exit code=127, command='dot', arguments='"/home/wojtek/Desktop/zamp/etap2/program/dox/doc/html/ProgramInterpreter_8hh__dep__incl.dot" -Tpng -o "/home/wojtek/Desktop/zamp/etap2/program/dox/doc/html/ProgramInterpreter_8hh__dep__incl.png"'
sh: 1: dot: not found
error: Problems running dot: exit code=127, command='dot', arguments='"/home/wojtek/Desktop/zamp/etap2/program/dox/doc/html/Port_8hh__dep__incl.dot" -Tpng -o "/home/wojtek/Desktop/zamp/etap2/program/dox/doc/html/Port_8hh__dep__incl.png"'
error: Problems running dot: exit code=127, command='dot', arguments='"/home/wojtek/Desktop/zamp/etap2/program/dox/doc/html/main_8cpp_a3c04138a5bfe5d72780bb7e82a18e627_cgraph.dot" -Tpng -o "/home/wojtek/Desktop/zamp/etap2/program/dox/doc/html/main_8cpp_a3c04138a5bfe5d72780bb7e82a18e627_cgraph.png"'
sh: 1: dot: not found
error: Problems running dot: exit code=127, command='dot', arguments='"/home/wojtek/Desktop/zamp/etap2/program/dox/doc/html/ProgramInterpreter_8hh__incl.dot" -Tpng -o "/home/wojtek/Desktop/zamp/etap2/program/dox/doc/html/ProgramInterpreter_8hh__incl.png"'
sh: 1: dot: not found
error: Problems running dot: exit code=127, command='dot', arguments='"/home/wojtek/Desktop/zamp/etap2/program/dox/doc/html/Scene_8hh__dep__incl.dot" -Tpng -o "/home/wojtek/Desktop/zamp/etap2/program/dox/doc/html/Scene_8hh__dep__incl.png"'
sh: 1: dot: not found
error: Problems running dot: exit code=127, command='dot', arguments='"/home/wojtek/Desktop/zamp/etap2/program/dox/doc/html/Set4LibInterfaces_8hh__incl.dot" -Tpng -o "/home/wojtek/Desktop/zamp/etap2/program/dox/doc/html/Set4LibInterfaces_8hh__incl.png"'
sh: 1: dot: not found
sh: 1: sh: 1: dot: not found
error: Problems running dot: exit code=127, command='dot', arguments='"/home/wojtek/Desktop/zamp/etap2/program/dox/doc/html/Vector3D_8hh__incl.dot" -Tpng -o "/home/wojtek/Desktop/zamp/etap2/program/dox/doc/html/Vector3D_8hh__incl.png"'
error: Problems running dot: exit code=127, command='dot', arguments='"/home/wojtek/Desktop/zamp/etap2/program/dox/doc/html/Vector3D_8hh__dep__incl.dot" -Tpng -o "/home/wojtek/Desktop/zamp/etap2/program/dox/doc/html/Vector3D_8hh__dep__incl.png"'
dot: not found
error: Problems running dot: exit code=127, command='dot', arguments='"/home/wojtek/Desktop/zamp/etap2/program/dox/doc/html/Set4LibInterfaces_8hh__dep__incl.dot" -Tpng -o "/home/wojtek/Desktop/zamp/etap2/program/dox/doc/html/Set4LibInterfaces_8hh__dep__incl.png"'
sh: 1: dot: not found
error: Problems running dot: exit code=127, command='dot', arguments='"/home/wojtek/Desktop/zamp/etap2/program/dox/doc/html/Scene_8hh__incl.dot" -Tpng -o "/home/wojtek/Desktop/zamp/etap2/program/dox/doc/html/Scene_8hh__incl.png"'
sh: 1: dot: not found
sh: 1: error: Problems running dot: exit code=127, command='dot', arguments='"/home/wojtek/Desktop/zamp/etap2/program/dox/doc/html/xmlinterp_8hh__incl.dot" -Tpng -o "/home/wojtek/Desktop/zamp/etap2/program/dox/doc/html/xmlinterp_8hh__incl.png"'
dot: not found
error: Problems running dot: exit code=127, command='dot', arguments='"/home/wojtek/Desktop/zamp/etap2/program/dox/doc/html/xmlinterp_8cpp__incl.dot" -Tpng -o "/home/wojtek/Desktop/zamp/etap2/program/dox/doc/html/xmlinterp_8cpp__incl.png"'
sh: 1: dot: not found
error: Problems running dot: exit code=127, command='dot', arguments='"/home/wojtek/Desktop/zamp/etap2/program/dox/doc/html/classCuboid__inherit__graph.dot" -Tpng -o "/home/wojtek/Desktop/zamp/etap2/program/dox/doc/html/classCuboid__inherit__graph.png"'
sh: 1: dot: not found
error: Problems running dot: exit code=127, command='dot', arguments='"/home/wojtek/Desktop/zamp/etap2/program/dox/doc/html/xmlinterp_8hh__dep__incl.dot" -Tpng -o "/home/wojtek/Desktop/zamp/etap2/program/dox/doc/html/xmlinterp_8hh__dep__incl.png"'
sh: 1: dot: not found
error: Problems running dot: exit code=127, command='dot', arguments='"/home/wojtek/Desktop/zamp/etap2/program/dox/doc/html/classCuboid__coll__graph.dot" -Tpng -o "/home/wojtek/Desktop/zamp/etap2/program/dox/doc/html/classCuboid__coll__graph.png"'
sh: 1: dot: not found
sh: 1: dot: not found
error: Problems running dot: exit code=127, command='dot', arguments='"/home/wojtek/Desktop/zamp/etap2/program/dox/doc/html/classInterp4Command__inherit__graph.dot" -Tpng -o "/home/wojtek/Desktop/zamp/etap2/program/dox/doc/html/classInterp4Command__inherit__graph.png"'
error: Problems running dot: exit code=127, command='dot', arguments='"/home/wojtek/Desktop/zamp/etap2/program/dox/doc/html/classInterp4Command_a620ba28206850d0bce8dbb2364c73366_cgraph.dot" -Tpng -o "/home/wojtek/Desktop/zamp/etap2/program/dox/doc/html/classInterp4Command_a620ba28206850d0bce8dbb2364c73366_cgraph.png"'
sh: 1: dot: not found
error: Problems running dot: exit code=127, command='dot', arguments='"/home/wojtek/Desktop/zamp/etap2/program/dox/doc/html/classInterp4Command_a9b1bff7ff363991b35965ae9dfeac648_icgraph.dot" -Tpng -o "/home/wojtek/Desktop/zamp/etap2/program/dox/doc/html/classInterp4Command_a9b1bff7ff363991b35965ae9dfeac648_icgraph.png"'
sh: 1: dot: not found
sh: 1: dot: not found
error: Problems running dot: exit code=127, command='dot', arguments='"/home/wojtek/Desktop/zamp/etap2/program/dox/doc/html/classInterp4Command_a693ca79d24ba27d11a19ed6fc90c37b9_icgraph.dot" -Tpng -o "/home/wojtek/Desktop/zamp/etap2/program/dox/doc/html/classInterp4Command_a693ca79d24ba27d11a19ed6fc90c37b9_icgraph.png"'
sh: 1: dot: not found
error: Problems running dot: exit code=127, command='dot', arguments='"/home/wojtek/Desktop/zamp/etap2/program/dox/doc/html/classInterp4Command_abade460a39eb9ea6f846684b41721938_icgraph.dot" -Tpng -o "/home/wojtek/Desktop/zamp/etap2/program/dox/doc/html/classInterp4Command_abade460a39eb9ea6f846684b41721938_icgraph.png"'
error: Problems running dot: exit code=127, command='dot', arguments='"/home/wojtek/Desktop/zamp/etap2/program/dox/doc/html/classInterp4Command_a08fbbf2a70cdac46930b0eba6f5f361c_icgraph.dot" -Tpng -o "/home/wojtek/Desktop/zamp/etap2/program/dox/doc/html/classInterp4Command_a08fbbf2a70cdac46930b0eba6f5f361c_icgraph.png"'
sh: 1: dot: not found
error: Problems running dot: exit code=127, command='dot', arguments='"/home/wojtek/Desktop/zamp/etap2/program/dox/doc/html/classInterp4Move__coll__graph.dot" -Tpng -o "/home/wojtek/Desktop/zamp/etap2/program/dox/doc/html/classInterp4Move__coll__graph.png"'
sh: 1: dot: not found
sh: 1: dot: not found
error: Problems running dot: exit code=127, command='dot', arguments='"/home/wojtek/Desktop/zamp/etap2/program/dox/doc/html/classInterp4Move__inherit__graph.dot" -Tpng -o "/home/wojtek/Desktop/zamp/etap2/program/dox/doc/html/classInterp4Move__inherit__graph.png"'
error: Problems running dot: exit code=127, command='dot', arguments='"/home/wojtek/Desktop/zamp/etap2/program/dox/doc/html/classInterp4Command_a3e15ef01af10fa8961926fd9b0274ab8_icgraph.dot" -Tpng -o "/home/wojtek/Desktop/zamp/etap2/program/dox/doc/html/classInterp4Command_a3e15ef01af10fa8961926fd9b0274ab8_icgraph.png"'
sh: 1: dot: not found
sh: 1: dot: not found
error: Problems running dot: exit code=127, command='dot', arguments='"/home/wojtek/Desktop/zamp/etap2/program/dox/doc/html/classInterp4Move_a6a224a2af44460ab5fd13167fbadf96b_icgraph.dot" -Tpng -o "/home/wojtek/Desktop/zamp/etap2/program/dox/doc/html/classInterp4Move_a6a224a2af44460ab5fd13167fbadf96b_icgraph.png"'
error: Problems running dot: exit code=127, command='dot', arguments='"/home/wojtek/Desktop/zamp/etap2/program/dox/doc/html/classInterp4Move_a6a224a2af44460ab5fd13167fbadf96b_cgraph.dot" -Tpng -o "/home/wojtek/Desktop/zamp/etap2/program/dox/doc/html/classInterp4Move_a6a224a2af44460ab5fd13167fbadf96b_cgraph.png"'
sh: 1: dot: not found
sh: 1: dot: not found
error: Problems running dot: exit code=127, command='dot', arguments='"/home/wojtek/Desktop/zamp/etap2/program/dox/doc/html/classInterp4Move_aae1e3bf7fc34076f19d857a8cd30082e_cgraph.dot" -Tpng -o "/home/wojtek/Desktop/zamp/etap2/program/dox/doc/html/classInterp4Move_aae1e3bf7fc34076f19d857a8cd30082e_cgraph.png"'
error: Problems running dot: exit code=127, command='dot', arguments='"/home/wojtek/Desktop/zamp/etap2/program/dox/doc/html/classInterp4Move_aae1e3bf7fc34076f19d857a8cd30082e_icgraph.dot" -Tpng -o "/home/wojtek/Desktop/zamp/etap2/program/dox/doc/html/classInterp4Move_aae1e3bf7fc34076f19d857a8cd30082e_icgraph.png"'
sh: 1: dot: not found
error: Problems running dot: exit code=127, command='dot', arguments='"/home/wojtek/Desktop/zamp/etap2/program/dox/doc/html/classInterp4Move_a66191f9fe67d4b0fd4d35da3b9927518_icgraph.dot" -Tpng -o "/home/wojtek/Desktop/zamp/etap2/program/dox/doc/html/classInterp4Move_a66191f9fe67d4b0fd4d35da3b9927518_icgraph.png"'
sh: 1: dot: not found
error: Problems running dot: exit code=127, command='dot', arguments='"/home/wojtek/Desktop/zamp/etap2/program/dox/doc/html/classInterp4Pause__inherit__graph.dot" -Tpng -o "/home/wojtek/Desktop/zamp/etap2/program/dox/doc/html/classInterp4Pause__inherit__graph.png"'
sh: 1: dot: not found
error: Problems running dot: exit code=127, command='dot', arguments='"/home/wojtek/Desktop/zamp/etap2/program/dox/doc/html/classInterp4Pause_a8ed3abb0ba307e144e4c07f586f48eb9_icgraph.dot" -Tpng -o "/home/wojtek/Desktop/zamp/etap2/program/dox/doc/html/classInterp4Pause_a8ed3abb0ba307e144e4c07f586f48eb9_icgraph.png"'
sh: 1: dot: not found
error: Problems running dot: exit code=127, command='dot', arguments='"/home/wojtek/Desktop/zamp/etap2/program/dox/doc/html/classInterp4Pause_a83787a2f3cc02c0164597ff506fed3de_cgraph.dot" -Tpng -o "/home/wojtek/Desktop/zamp/etap2/program/dox/doc/html/classInterp4Pause_a83787a2f3cc02c0164597ff506fed3de_cgraph.png"'
sh: 1: dot: not found
error: Problems running dot: exit code=127, command='dot', arguments='"/home/wojtek/Desktop/zamp/etap2/program/dox/doc/html/classInterp4Pause_a83787a2f3cc02c0164597ff506fed3de_icgraph.dot" -Tpng -o "/home/wojtek/Desktop/zamp/etap2/program/dox/doc/html/classInterp4Pause_a83787a2f3cc02c0164597ff506fed3de_icgraph.png"'
sh: 1: dot: not found
error: Problems running dot: exit code=127, command='dot', arguments='"/home/wojtek/Desktop/zamp/etap2/program/dox/doc/html/classInterp4Pause_a2c2cff88acbf4b30147d60f47f181494_cgraph.dot" -Tpng -o "/home/wojtek/Desktop/zamp/etap2/program/dox/doc/html/classInterp4Pause_a2c2cff88acbf4b30147d60f47f181494_cgraph.png"'
sh: 1: dot: not found
error: Problems running dot: exit code=127, command='dot', arguments='"/home/wojtek/Desktop/zamp/etap2/program/dox/doc/html/classInterp4Pause__coll__graph.dot" -Tpng -o "/home/wojtek/Desktop/zamp/etap2/program/dox/doc/html/classInterp4Pause__coll__graph.png"'
sh: 1: dot: not found
sh: 1: dot: not found
error: Problems running dot: exit code=127, command='dot', arguments='"/home/wojtek/Desktop/zamp/etap2/program/dox/doc/html/classInterp4Move_a83a48fe1db612f65539ed888c434c2b5_cgraph.dot" -Tpng -o "/home/wojtek/Desktop/zamp/etap2/program/dox/doc/html/classInterp4Move_a83a48fe1db612f65539ed888c434c2b5_cgraph.png"'
error: Problems running dot: exit code=127, command='dot', arguments='"/home/wojtek/Desktop/zamp/etap2/program/dox/doc/html/classInterp4Move_a9668ab16becc4f26de22a764925906e7_cgraph.dot" -Tpng -o "/home/wojtek/Desktop/zamp/etap2/program/dox/doc/html/classInterp4Move_a9668ab16becc4f26de22a764925906e7_cgraph.png"'
sh: 1: dot: not found
sh: 1: dot: not found
error: Problems running dot: exit code=127, command='dot', arguments='"/home/wojtek/Desktop/zamp/etap2/program/dox/doc/html/classInterp4Pause_a2c2cff88acbf4b30147d60f47f181494_icgraph.dot" -Tpng -o "/home/wojtek/Desktop/zamp/etap2/program/dox/doc/html/classInterp4Pause_a2c2cff88acbf4b30147d60f47f181494_icgraph.png"'
error: Problems running dot: exit code=127, command='dot', arguments='"/home/wojtek/Desktop/zamp/etap2/program/dox/doc/html/classInterp4Pause_a53181eb25fc5a9c0104400f561c8ce62_cgraph.dot" -Tpng -o "/home/wojtek/Desktop/zamp/etap2/program/dox/doc/html/classInterp4Pause_a53181eb25fc5a9c0104400f561c8ce62_cgraph.png"'
sh: 1: dot: not found
error: Problems running dot: exit code=127, command='dot', arguments='"/home/wojtek/Desktop/zamp/etap2/program/dox/doc/html/classInterp4Rotate__inherit__graph.dot" -Tpng -o "/home/wojtek/Desktop/zamp/etap2/program/dox/doc/html/classInterp4Rotate__inherit__graph.png"'
sh: 1: dot: not found
error: Problems running dot: exit code=127, command='dot', arguments='"/home/wojtek/Desktop/zamp/etap2/program/dox/doc/html/classInterp4Pause_aa12d0dd443e7c46c88f3f139d7382a1d_cgraph.dot" -Tpng -o "/home/wojtek/Desktop/zamp/etap2/program/dox/doc/html/classInterp4Pause_aa12d0dd443e7c46c88f3f139d7382a1d_cgraph.png"'
sh: 1: dot: not found
sh: 1: dot: not found
error: Problems running dot: exit code=127, command='dot', arguments='"/home/wojtek/Desktop/zamp/etap2/program/dox/doc/html/classInterp4Rotate__coll__graph.dot" -Tpng -o "/home/wojtek/Desktop/zamp/etap2/program/dox/doc/html/classInterp4Rotate__coll__graph.png"'
error: Problems running dot: exit code=127, command='dot', arguments='"/home/wojtek/Desktop/zamp/etap2/program/dox/doc/html/classInterp4Rotate_aaf3f5db3c3f9a49ea4f9e5af74f0f240_icgraph.dot" -Tpng -o "/home/wojtek/Desktop/zamp/etap2/program/dox/doc/html/classInterp4Rotate_aaf3f5db3c3f9a49ea4f9e5af74f0f240_icgraph.png"'
sh: 1: dot: not found
sh: 1: dot: not found
error: Problems running dot: exit code=127, command='dot', arguments='"/home/wojtek/Desktop/zamp/etap2/program/dox/doc/html/classInterp4Rotate_acd9e8ff38a42487c17c98d28d8d81532_icgraph.dot" -Tpng -o "/home/wojtek/Desktop/zamp/etap2/program/dox/doc/html/classInterp4Rotate_acd9e8ff38a42487c17c98d28d8d81532_icgraph.png"'
error: Problems running dot: exit code=127, command='dot', arguments='"/home/wojtek/Desktop/zamp/etap2/program/dox/doc/html/classInterp4Rotate_acd9e8ff38a42487c17c98d28d8d81532_cgraph.dot" -Tpng -o "/home/wojtek/Desktop/zamp/etap2/program/dox/doc/html/classInterp4Rotate_acd9e8ff38a42487c17c98d28d8d81532_cgraph.png"'
sh: 1: dot: not found
error: Problems running dot: exit code=127, command='dot', arguments='"/home/wojtek/Desktop/zamp/etap2/program/dox/doc/html/classInterp4Rotate_a72ca6a7b4049030cd17af9cce98b2b5f_cgraph.dot" -Tpng -o "/home/wojtek/Desktop/zamp/etap2/program/dox/doc/html/classInterp4Rotate_a72ca6a7b4049030cd17af9cce98b2b5f_cgraph.png"'
sh: 1: dot: not found
sh: 1: dot: not found
error: Problems running dot: exit code=127, command='dot', arguments='"/home/wojtek/Desktop/zamp/etap2/program/dox/doc/html/classInterp4Rotate_afe8f0132a28f367334eb9460e3abdd11_cgraph.dot" -Tpng -o "/home/wojtek/Desktop/zamp/etap2/program/dox/doc/html/classInterp4Rotate_afe8f0132a28f367334eb9460e3abdd11_cgraph.png"'
sh: 1: dot: not found
sh: 1: dot: not found
error: Problems running dot: exit code=127, command='dot', arguments='"/home/wojtek/Desktop/zamp/etap2/program/dox/doc/html/classInterp4Set__inherit__graph.dot" -Tpng -o "/home/wojtek/Desktop/zamp/etap2/program/dox/doc/html/classInterp4Set__inherit__graph.png"'
sh: 1: dot: not found
error: Problems running dot: exit code=127, command='dot', arguments='"/home/wojtek/Desktop/zamp/etap2/program/dox/doc/html/classInterp4Set__coll__graph.dot" -Tpng -o "/home/wojtek/Desktop/zamp/etap2/program/dox/doc/html/classInterp4Set__coll__graph.png"'
error: Problems running dot: exit code=127, command='dot', arguments='"/home/wojtek/Desktop/zamp/etap2/program/dox/doc/html/classInterp4Set_a1b3de8fc06124f8a37d188e6486e45d3_icgraph.dot" -Tpng -o "/home/wojtek/Desktop/zamp/etap2/program/dox/doc/html/classInterp4Set_a1b3de8fc06124f8a37d188e6486e45d3_icgraph.png"'
error: Problems running dot: exit code=127, command='dot', arguments='"/home/wojtek/Desktop/zamp/etap2/program/dox/doc/html/classInterp4Rotate_a72ca6a7b4049030cd17af9cce98b2b5f_icgraph.dot" -Tpng -o "/home/wojtek/Desktop/zamp/etap2/program/dox/doc/html/classInterp4Rotate_a72ca6a7b4049030cd17af9cce98b2b5f_icgraph.png"'
sh: 1: dot: not found
sh: 1: dot: not found
error: Problems running dot: exit code=127, command='dot', arguments='"/home/wojtek/Desktop/zamp/etap2/program/dox/doc/html/classInterp4Rotate_a7a9896e29d1137699a9d5171e6133ffb_cgraph.dot" -Tpng -o "/home/wojtek/Desktop/zamp/etap2/program/dox/doc/html/classInterp4Rotate_a7a9896e29d1137699a9d5171e6133ffb_cgraph.png"'
sh: 1: dot: not found
error: Problems running dot: exit code=127, command='dot', arguments='"/home/wojtek/Desktop/zamp/etap2/program/dox/doc/html/classInterp4Set_a05535040832e686d3519cd6399f80933_icgraph.dot" -Tpng -o "/home/wojtek/Desktop/zamp/etap2/program/dox/doc/html/classInterp4Set_a05535040832e686d3519cd6399f80933_icgraph.png"'
error: Problems running dot: exit code=127, command='dot', arguments='"/home/wojtek/Desktop/zamp/etap2/program/dox/doc/html/classInterp4Set_a05535040832e686d3519cd6399f80933_cgraph.dot" -Tpng -o "/home/wojtek/Desktop/zamp/etap2/program/dox/doc/html/classInterp4Set_a05535040832e686d3519cd6399f80933_cgraph.png"'
sh: 1: dot: not found
error: Problems running dot: exit code=127, command='dot', arguments='"/home/wojtek/Desktop/zamp/etap2/program/dox/doc/html/classInterp4Set_a7e61011caf16bc5bcdae597dc58db324_cgraph.dot" -Tpng -o "/home/wojtek/Desktop/zamp/etap2/program/dox/doc/html/classInterp4Set_a7e61011caf16bc5bcdae597dc58db324_cgraph.png"'
sh: 1: dot: not found
error: Problems running dot: exit code=127, command='dot', arguments='"/home/wojtek/Desktop/zamp/etap2/program/dox/doc/html/classInterp4Set_a527548fa6941cd398468835c6f861b3f_cgraph.dot" -Tpng -o "/home/wojtek/Desktop/zamp/etap2/program/dox/doc/html/classInterp4Set_a527548fa6941cd398468835c6f861b3f_cgraph.png"'
sh: 1: sh: 1: dot: not founddot: not found

error: Problems running dot: exit code=127, command='dot', arguments='"/home/wojtek/Desktop/zamp/etap2/program/dox/doc/html/classInterp4Set_a7e61011caf16bc5bcdae597dc58db324_icgraph.dot" -Tpng -o "/home/wojtek/Desktop/zamp/etap2/program/dox/doc/html/classInterp4Set_a7e61011caf16bc5bcdae597dc58db324_icgraph.png"'
error: Problems running dot: exit code=127, command='dot', arguments='"/home/wojtek/Desktop/zamp/etap2/program/dox/doc/html/classInterp4Set_a71cdc0ef89ff18a6f2044536a8d7fead_cgraph.dot" -Tpng -o "/home/wojtek/Desktop/zamp/etap2/program/dox/doc/html/classInterp4Set_a71cdc0ef89ff18a6f2044536a8d7fead_cgraph.png"'
sh: 1: dot: not found
error: Problems running dot: exit code=127, command='dot', arguments='"/home/wojtek/Desktop/zamp/etap2/program/dox/doc/html/classLibInterface_a9db717a7c50f80138bc583a4e6104a30_cgraph.dot" -Tpng -o "/home/wojtek/Desktop/zamp/etap2/program/dox/doc/html/classLibInterface_a9db717a7c50f80138bc583a4e6104a30_cgraph.png"'
sh: 1: dot: not found
error: Problems running dot: exit code=127, command='dot', arguments='"/home/wojtek/Desktop/zamp/etap2/program/dox/doc/html/classMobileObj__inherit__graph.dot" -Tpng -o "/home/wojtek/Desktop/zamp/etap2/program/dox/doc/html/classMobileObj__inherit__graph.png"'
sh: 1: dot: not found
error: Problems running dot: exit code=127, command='dot', arguments='"/home/wojtek/Desktop/zamp/etap2/program/dox/doc/html/classLibInterface__coll__graph.dot" -Tpng -o "/home/wojtek/Desktop/zamp/etap2/program/dox/doc/html/classLibInterface__coll__graph.png"'
sh: 1: dot: not found
sh: 1: dot: not found
error: Problems running dot: exit code=127, command='dot', arguments='"/home/wojtek/Desktop/zamp/etap2/program/dox/doc/html/classMobileObj__coll__graph.dot" -Tpng -o "/home/wojtek/Desktop/zamp/etap2/program/dox/doc/html/classMobileObj__coll__graph.png"'
error: Problems running dot: exit code=127, command='dot', arguments='"/home/wojtek/Desktop/zamp/etap2/program/dox/doc/html/classProgramInterpreter_afce17fb26f6d8b432400e41799c90549_cgraph.dot" -Tpng -o "/home/wojtek/Desktop/zamp/etap2/program/dox/doc/html/classProgramInterpreter_afce17fb26f6d8b432400e41799c90549_cgraph.png"'
sh: 1: dot: not found
sh: 1: dot: not found
error: Problems running dot: exit code=127, command='dot', arguments='"/home/wojtek/Desktop/zamp/etap2/program/dox/doc/html/classSet4LibInterfaces_adf40bcca97ab2937436c257bec09f542_icgraph.dot" -Tpng -o "/home/wojtek/Desktop/zamp/etap2/program/dox/doc/html/classSet4LibInterfaces_adf40bcca97ab2937436c257bec09f542_icgraph.png"'
sh: 1: dot: not found
error: Problems running dot: exit code=127, command='dot', arguments='"/home/wojtek/Desktop/zamp/etap2/program/dox/doc/html/classProgramInterpreter_afce17fb26f6d8b432400e41799c90549_icgraph.dot" -Tpng -o "/home/wojtek/Desktop/zamp/etap2/program/dox/doc/html/classProgramInterpreter_afce17fb26f6d8b432400e41799c90549_icgraph.png"'
sh: 1: dot: not found
error: Problems running dot: exit code=127, command='dot', arguments='"/home/wojtek/Desktop/zamp/etap2/program/dox/doc/html/classProgramInterpreter_a1d3f49787ae09db356d1f064d90073e3_icgraph.dot" -Tpng -o "/home/wojtek/Desktop/zamp/etap2/program/dox/doc/html/classProgramInterpreter_a1d3f49787ae09db356d1f064d90073e3_icgraph.png"'
error: Problems running dot: exit code=127, command='dot', arguments='"/home/wojtek/Desktop/zamp/etap2/program/dox/doc/html/classProgramInterpreter__coll__graph.dot" -Tpng -o "/home/wojtek/Desktop/zamp/etap2/program/dox/doc/html/classProgramInterpreter__coll__graph.png"'
sh: 1: dot: not found
sh: 1: error: Problems running dot: exit code=127, command='dot', arguments='"/home/wojtek/Desktop/zamp/etap2/program/dox/doc/html/classXMLInterp4Config__coll__graph.dot" -Tpng -o "/home/wojtek/Desktop/zamp/etap2/program/dox/doc/html/classXMLInterp4Config__coll__graph.png"'
dot: not found
error: Problems running dot: exit code=127, command='dot', arguments='"/home/wojtek/Desktop/zamp/etap2/program/dox/doc/html/classXMLInterp4Config__inherit__graph.dot" -Tpng -o "/home/wojtek/Desktop/zamp/etap2/program/dox/doc/html/classXMLInterp4Config__inherit__graph.png"'
sh: 1: dot: not found
error: Problems running dot: exit code=127, command='dot', arguments='"/home/wojtek/Desktop/zamp/etap2/program/dox/doc/html/classgeom_1_1Vector__inherit__graph.dot" -Tpng -o "/home/wojtek/Desktop/zamp/etap2/program/dox/doc/html/classgeom_1_1Vector__inherit__graph.png"'
sh: 1: dot: not found
sh: 1: dot: not found
error: Problems running dot: exit code=127, command='dot', arguments='"/home/wojtek/Desktop/zamp/etap2/program/dox/doc/html/classgeom_1_1Vector__coll__graph.dot" -Tpng -o "/home/wojtek/Desktop/zamp/etap2/program/dox/doc/html/classgeom_1_1Vector__coll__graph.png"'
error: Problems running dot: exit code=127, command='dot', arguments='"/home/wojtek/Desktop/zamp/etap2/program/dox/doc/html/namespacegeom_ae7cf32f8462c8e56413fe6564b18cebe_icgraph.dot" -Tpng -o "/home/wojtek/Desktop/zamp/etap2/program/dox/doc/html/namespacegeom_ae7cf32f8462c8e56413fe6564b18cebe_icgraph.png"'
sh: 1: dot: not found
sh: 1: dot: not found
error: Problems running dot: exit code=127, command='dot', arguments='"/home/wojtek/Desktop/zamp/etap2/program/dox/doc/html/classgeom_1_1Vector_a079e4dfa05cae252743a011845be9380_icgraph.dot" -Tpng -o "/home/wojtek/Desktop/zamp/etap2/program/dox/doc/html/classgeom_1_1Vector_a079e4dfa05cae252743a011845be9380_icgraph.png"'
sh: 1: dot: not found
error: Problems running dot: exit code=127, command='dot', arguments='"/home/wojtek/Desktop/zamp/etap2/program/dox/doc/html/classgeom_1_1Vector_ab61e8a0071fce9a35785033c48c7f256_icgraph.dot" -Tpng -o "/home/wojtek/Desktop/zamp/etap2/program/dox/doc/html/classgeom_1_1Vector_ab61e8a0071fce9a35785033c48c7f256_icgraph.png"'
error: Problems running dot: exit code=127, command='dot', arguments='"/home/wojtek/Desktop/zamp/etap2/program/dox/doc/html/classgeom_1_1Vector_abc4ad52f3fe464ae0aa8c06830e095f0_icgraph.dot" -Tpng -o "/home/wojtek/Desktop/zamp/etap2/program/dox/doc/html/classgeom_1_1Vector_abc4ad52f3fe464ae0aa8c06830e095f0_icgraph.png"'
sh: 1: dot: not found
error: Problems running dot: exit code=127, command='dot', arguments='"/home/wojtek/Desktop/zamp/etap2/program/dox/doc/html/classgeom_1_1Vector_a6177b4b7c264345057bc97fe59f24e1b_icgraph.dot" -Tpng -o "/home/wojtek/Desktop/zamp/etap2/program/dox/doc/html/classgeom_1_1Vector_a6177b4b7c264345057bc97fe59f24e1b_icgraph.png"'
sh: 1: dot: not found
error: Problems running dot: exit code=127, command='dot', arguments='"/home/wojtek/Desktop/zamp/etap2/program/dox/doc/html/classgeom_1_1Vector_ab3ba3eea9ce5b60c0bdaa6cd0062a2e0_icgraph.dot" -Tpng -o "/home/wojtek/Desktop/zamp/etap2/program/dox/doc/html/classgeom_1_1Vector_ab3ba3eea9ce5b60c0bdaa6cd0062a2e0_icgraph.png"'
sh: 1: dot: not found
sh: 1: dot: not found
error: Problems running dot: exit code=127, command='dot', arguments='"/home/wojtek/Desktop/zamp/etap2/program/dox/doc/html/classgeom_1_1Vector_a2eb537bd0153ac0898a47dc10b0512a1_icgraph.dot" -Tpng -o "/home/wojtek/Desktop/zamp/etap2/program/dox/doc/html/classgeom_1_1Vector_a2eb537bd0153ac0898a47dc10b0512a1_icgraph.png"'
error: Problems running dot: exit code=127, command='dot', arguments='"/home/wojtek/Desktop/zamp/etap2/program/dox/doc/html/classgeom_1_1Vector_ad26800e2f6dd4d02a6a5c04d9993c41e_icgraph.dot" -Tpng -o "/home/wojtek/Desktop/zamp/etap2/program/dox/doc/html/classgeom_1_1Vector_ad26800e2f6dd4d02a6a5c04d9993c41e_icgraph.png"'
sh: 1: dot: not found
error: Problems running dot: exit code=127, command='dot', arguments='"/home/wojtek/Desktop/zamp/etap2/program/dox/doc/html/classgeom_1_1Vector_a22e2b0ee867b24e5c28986c450dfa015_icgraph.dot" -Tpng -o "/home/wojtek/Desktop/zamp/etap2/program/dox/doc/html/classgeom_1_1Vector_a22e2b0ee867b24e5c28986c450dfa015_icgraph.png"'
sh: 1: dot: not found
error: Problems running dot: exit code=127, command='dot', arguments='"/home/wojtek/Desktop/zamp/etap2/program/dox/doc/html/classgeom_1_1Vector_ade22504afc1efd37089d2921edf8d036_icgraph.dot" -Tpng -o "/home/wojtek/Desktop/zamp/etap2/program/dox/doc/html/classgeom_1_1Vector_ade22504afc1efd37089d2921edf8d036_icgraph.png"'
sh: 1: dot: not found
sh: 1: dot: not found
error: Problems running dot: exit code=127, command='dot', arguments='"/home/wojtek/Desktop/zamp/etap2/program/dox/doc/html/classgeom_1_1Vector_a1c9f0be69f15611dc2eb5afc18afdcde_icgraph.dot" -Tpng -o "/home/wojtek/Desktop/zamp/etap2/program/dox/doc/html/classgeom_1_1Vector_a1c9f0be69f15611dc2eb5afc18afdcde_icgraph.png"'
sh: 1: dot: not found
error: Problems running dot: exit code=127, command='dot', arguments='"/home/wojtek/Desktop/zamp/etap2/program/dox/doc/html/classgeom_1_1Vector_af40279932a4f4081f432c7e9866f6279_icgraph.dot" -Tpng -o "/home/wojtek/Desktop/zamp/etap2/program/dox/doc/html/classgeom_1_1Vector_af40279932a4f4081f432c7e9866f6279_icgraph.png"'
sh: 1: dot: not found
error: Problems running dot: exit code=127, command='dot', arguments='"/home/wojtek/Desktop/zamp/etap2/program/dox/doc/html/graph_legend.dot" -Tpng -o "/home/wojtek/Desktop/zamp/etap2/program/dox/doc/html/graph_legend.png"'
error: Problems running dot: exit code=127, command='dot', arguments='"/home/wojtek/Desktop/zamp/etap2/program/dox/doc/html/classgeom_1_1Vector_a2036ad643efa0a17f8f1e242b9f30c96_icgraph.dot" -Tpng -o "/home/wojtek/Desktop/zamp/etap2/program/dox/doc/html/classgeom_1_1Vector_a2036ad643efa0a17f8f1e242b9f30c96_icgraph.png"'
sh: 1: dot: not found
error: Problems running dot: exit code=127, command='dot', arguments='"/home/wojtek/Desktop/zamp/etap2/program/dox/doc/html/dir_b58d0ee721b2087e51cb0bcc78a10465_dep.dot" -Tpng -o "/home/wojtek/Desktop/zamp/etap2/program/dox/doc/html/dir_b58d0ee721b2087e51cb0bcc78a10465_dep.png"'
sh: 1: dot: not found
error: Problems running dot: exit code=127, command='dot', arguments='"/home/wojtek/Desktop/zamp/etap2/program/dox/doc/html/dir_68267d1309a1af8e8297ef4c3efbcdba_dep.dot" -Tpng -o "/home/wojtek/Desktop/zamp/etap2/program/dox/doc/html/dir_68267d1309a1af8e8297ef4c3efbcdba_dep.png"'
sh: 1: sh: 1: dot: not founddot: not found

error: Problems running dot: exit code=127, command='dot', arguments='"/home/wojtek/Desktop/zamp/etap2/program/dox/doc/html/dir_e5c39bd51a803044aa486678acd3aea1_dep.dot" -Tpng -o "/home/wojtek/Desktop/zamp/etap2/program/dox/doc/html/dir_e5c39bd51a803044aa486678acd3aea1_dep.png"'
error: Problems running dot: exit code=127, command='dot', arguments='"/home/wojtek/Desktop/zamp/etap2/program/dox/doc/html/dir_b4c3aec6cd8f28418150dce663061cfa_dep.dot" -Tpng -o "/home/wojtek/Desktop/zamp/etap2/program/dox/doc/html/dir_b4c3aec6cd8f28418150dce663061cfa_dep.png"'
sh: 1: dot: not found
sh: 1: dot: not found
error: Problems running dot: exit code=127, command='dot', arguments='"/home/wojtek/Desktop/zamp/etap2/program/dox/doc/html/inherit_graph_1.dot" -Tpng -o "/home/wojtek/Desktop/zamp/etap2/program/dox/doc/html/inherit_graph_1.png"'
sh: 1: dot: not found
error: Problems running dot: exit code=127, command='dot', arguments='"/home/wojtek/Desktop/zamp/etap2/program/dox/doc/html/inherit_graph_3.dot" -Tpng -o "/home/wojtek/Desktop/zamp/etap2/program/dox/doc/html/inherit_graph_3.png"'
error: Problems running dot: exit code=127, command='dot', arguments='"/home/wojtek/Desktop/zamp/etap2/program/dox/doc/html/inherit_graph_0.dot" -Tpng -o "/home/wojtek/Desktop/zamp/etap2/program/dox/doc/html/inherit_graph_0.png"'
sh: 1: dot: not found
error: Problems running dot: exit code=127, command='dot', arguments='"/home/wojtek/Desktop/zamp/etap2/program/dox/doc/html/inherit_graph_2.dot" -Tpng -o "/home/wojtek/Desktop/zamp/etap2/program/dox/doc/html/inherit_graph_2.png"'
sh: 1: dot: not found
error: Problems running dot: exit code=127, command='dot', arguments='"/home/wojtek/Desktop/zamp/etap2/program/dox/doc/html/inherit_graph_4.dot" -Tpng -o "/home/wojtek/Desktop/zamp/etap2/program/dox/doc/html/inherit_graph_4.png"'
sh: 1: dot: not found
sh: 1: dot: not found
error: Problems running dot: exit code=127, command='dot', arguments='"/home/wojtek/Desktop/zamp/etap2/program/dox/doc/html/inherit_graph_5.dot" -Tpng -o "/home/wojtek/Desktop/zamp/etap2/program/dox/doc/html/inherit_graph_5.png"'
error: Problems running dot: exit code=127, command='dot', arguments='"/home/wojtek/Desktop/zamp/etap2/program/dox/doc/html/inherit_graph_6.dot" -Tpng -o "/home/wojtek/Desktop/zamp/etap2/program/dox/doc/html/inherit_graph_6.png"'
sh: 1: dot: not found
sh: 1: error: Problems running dot: exit code=127, command='dot', arguments='"/home/wojtek/Desktop/zamp/etap2/program/dox/doc/html/inherit_graph_8.dot" -Tpng -o "/home/wojtek/Desktop/zamp/etap2/program/dox/doc/html/inherit_graph_8.png"'
dot: not found
error: Problems running dot: exit code=127, command='dot', arguments='"/home/wojtek/Desktop/zamp/etap2/program/dox/doc/html/inherit_graph_7.dot" -Tpng -o "/home/wojtek/Desktop/zamp/etap2/program/dox/doc/html/inherit_graph_7.png"'
sh: 1: dot: not found
error: Problems running dot: exit code=127, command='dot', arguments='"/home/wojtek/Desktop/zamp/etap2/program/dox/doc/html/inherit_graph_9.dot" -Tpng -o "/home/wojtek/Desktop/zamp/etap2/program/dox/doc/html/inherit_graph_9.png"'
sh: 1: dot: not found
error: Problems running dot: exit code=127, command='dot', arguments='"/home/wojtek/Desktop/zamp/etap2/program/dox/doc/html/inherit_graph_10.dot" -Tpng -o "/home/wojtek/Desktop/zamp/etap2/program/dox/doc/html/inherit_graph_10.png"'
error: problems opening map file /home/wojtek/Desktop/zamp/etap2/program/dox/doc/html/AccessControl_8hh__incl.map for inclusion in the docs!
If you installed Graphviz/dot after a previous failing run, 
try deleting the output directory and rerun doxygen.
error: problems opening map file /home/wojtek/Desktop/zamp/etap2/program/dox/doc/html/AccessControl_8hh__dep__incl.map for inclusion in the docs!
If you installed Graphviz/dot after a previous failing run, 
try deleting the output directory and rerun doxygen.
error: problems opening map file /home/wojtek/Desktop/zamp/etap2/program/dox/doc/html/Configuration_8hh__incl.map for inclusion in the docs!
If you installed Graphviz/dot after a previous failing run, 
try deleting the output directory and rerun doxygen.
error: problems opening map file /home/wojtek/Desktop/zamp/etap2/program/dox/doc/html/Configuration_8hh__dep__incl.map for inclusion in the docs!
If you installed Graphviz/dot after a previous failing run, 
try deleting the output directory and rerun doxygen.
error: problems opening map file /home/wojtek/Desktop/zamp/etap2/program/dox/doc/html/Cuboid_8hh__incl.map for inclusion in the docs!
If you installed Graphviz/dot after a previous failing run, 
try deleting the output directory and rerun doxygen.
error: problems opening map file /home/wojtek/Desktop/zamp/etap2/program/dox/doc/html/Cuboid_8hh__dep__incl.map for inclusion in the docs!
If you installed Graphviz/dot after a previous failing run, 
try deleting the output directory and rerun doxygen.
error: problems opening map file /home/wojtek/Desktop/zamp/etap2/program/dox/doc/html/geomVector_8hh__incl.map for inclusion in the docs!
If you installed Graphviz/dot after a previous failing run, 
try deleting the output directory and rerun doxygen.
error: problems opening map file /home/wojtek/Desktop/zamp/etap2/program/dox/doc/html/geomVector_8hh__dep__incl.map for inclusion in the docs!
If you installed Graphviz/dot after a previous failing run, 
try deleting the output directory and rerun doxygen.
error: problems opening map file /home/wojtek/Desktop/zamp/etap2/program/dox/doc/html/Interp4Command_8hh__incl.map for inclusion in the docs!
If you installed Graphviz/dot after a previous failing run, 
try deleting the output directory and rerun doxygen.
error: problems opening map file /home/wojtek/Desktop/zamp/etap2/program/dox/doc/html/Interp4Command_8hh__dep__incl.map for inclusion in the docs!
If you installed Graphviz/dot after a previous failing run, 
try deleting the output directory and rerun doxygen.
error: problems opening map file /home/wojtek/Desktop/zamp/etap2/program/dox/doc/html/Interp4Move_8cpp__incl.map for inclusion in the docs!
If you installed Graphviz/dot after a previous failing run, 
try deleting the output directory and rerun doxygen.
error: problems opening map file /home/wojtek/Desktop/zamp/etap2/program/dox/doc/html/Interp4Move_8cpp_ad4f8d6a4dc782b0f28c6d962b417afdb_cgraph.map for inclusion in the docs!
If you installed Graphviz/dot after a previous failing run, 
try deleting the output directory and rerun doxygen.
error: problems opening map file /home/wojtek/Desktop/zamp/etap2/program/dox/doc/html/Interp4Move_8cpp_a161c2be237a6e239fb12733df42be258_icgraph.map for inclusion in the docs!
If you installed Graphviz/dot after a previous failing run, 
try deleting the output directory and rerun doxygen.
error: problems opening map file /home/wojtek/Desktop/zamp/etap2/program/dox/doc/html/Interp4Move_8hh__incl.map for inclusion in the docs!
If you installed Graphviz/dot after a previous failing run, 
try deleting the output directory and rerun doxygen.
error: problems opening map file /home/wojtek/Desktop/zamp/etap2/program/dox/doc/html/Interp4Move_8hh__dep__incl.map for inclusion in the docs!
If you installed Graphviz/dot after a previous failing run, 
try deleting the output directory and rerun doxygen.
error: problems opening map file /home/wojtek/Desktop/zamp/etap2/program/dox/doc/html/Interp4Pause_8cpp__incl.map for inclusion in the docs!
If you installed Graphviz/dot after a previous failing run, 
try deleting the output directory and rerun doxygen.
error: problems opening map file /home/wojtek/Desktop/zamp/etap2/program/dox/doc/html/Interp4Pause_8cpp_a0ab483787498a2b002838d9426437be6_cgraph.map for inclusion in the docs!
If you installed Graphviz/dot after a previous failing run, 
try deleting the output directory and rerun doxygen.
error: problems opening map file /home/wojtek/Desktop/zamp/etap2/program/dox/doc/html/Interp4Pause_8cpp_a161c2be237a6e239fb12733df42be258_icgraph.map for inclusion in the docs!
If you installed Graphviz/dot after a previous failing run, 
try deleting the output directory and rerun doxygen.
error: problems opening map file /home/wojtek/Desktop/zamp/etap2/program/dox/doc/html/Interp4Pause_8hh__incl.map for inclusion in the docs!
If you installed Graphviz/dot after a previous failing run, 
try deleting the output directory and rerun doxygen.
error: problems opening map file /home/wojtek/Desktop/zamp/etap2/program/dox/doc/html/Interp4Pause_8hh__dep__incl.map for inclusion in the docs!
If you installed Graphviz/dot after a previous failing run, 
try deleting the output directory and rerun doxygen.
error: problems opening map file /home/wojtek/Desktop/zamp/etap2/program/dox/doc/html/Interp4Rotate_8cpp__incl.map for inclusion in the docs!
If you installed Graphviz/dot after a previous failing run, 
try deleting the output directory and rerun doxygen.
error: problems opening map file /home/wojtek/Desktop/zamp/etap2/program/dox/doc/html/Interp4Rotate_8cpp_a0ab483787498a2b002838d9426437be6_cgraph.map for inclusion in the docs!
If you installed Graphviz/dot after a previous failing run, 
try deleting the output directory and rerun doxygen.
error: problems opening map file /home/wojtek/Desktop/zamp/etap2/program/dox/doc/html/Interp4Rotate_8cpp_a161c2be237a6e239fb12733df42be258_icgraph.map for inclusion in the docs!
If you installed Graphviz/dot after a previous failing run, 
try deleting the output directory and rerun doxygen.
error: problems opening map file /home/wojtek/Desktop/zamp/etap2/program/dox/doc/html/Interp4Rotate_8hh__incl.map for inclusion in the docs!
If you installed Graphviz/dot after a previous failing run, 
try deleting the output directory and rerun doxygen.
error: problems opening map file /home/wojtek/Desktop/zamp/etap2/program/dox/doc/html/Interp4Rotate_8hh__dep__incl.map for inclusion in the docs!
If you installed Graphviz/dot after a previous failing run, 
try deleting the output directory and rerun doxygen.
error: problems opening map file /home/wojtek/Desktop/zamp/etap2/program/dox/doc/html/Interp4Set_8cpp__incl.map for inclusion in the docs!
If you installed Graphviz/dot after a previous failing run, 
try deleting the output directory and rerun doxygen.
error: problems opening map file /home/wojtek/Desktop/zamp/etap2/program/dox/doc/html/Interp4Set_8cpp_a0ab483787498a2b002838d9426437be6_cgraph.map for inclusion in the docs!
If you installed Graphviz/dot after a previous failing run, 
try deleting the output directory and rerun doxygen.
error: problems opening map file /home/wojtek/Desktop/zamp/etap2/program/dox/doc/html/Interp4Set_8cpp_a161c2be237a6e239fb12733df42be258_icgraph.map for inclusion in the docs!
If you installed Graphviz/dot after a previous failing run, 
try deleting the output directory and rerun doxygen.
error: problems opening map file /home/wojtek/Desktop/zamp/etap2/program/dox/doc/html/Interp4Set_8hh__incl.map for inclusion in the docs!
If you installed Graphviz/dot after a previous failing run, 
try deleting the output directory and rerun doxygen.
error: problems opening map file /home/wojtek/Desktop/zamp/etap2/program/dox/doc/html/Interp4Set_8hh__dep__incl.map for inclusion in the docs!
If you installed Graphviz/dot after a previous failing run, 
try deleting the output directory and rerun doxygen.
error: problems opening map file /home/wojtek/Desktop/zamp/etap2/program/dox/doc/html/LibInterface_8hh__incl.map for inclusion in the docs!
If you installed Graphviz/dot after a previous failing run, 
try deleting the output directory and rerun doxygen.
error: problems opening map file /home/wojtek/Desktop/zamp/etap2/program/dox/doc/html/LibInterface_8hh__dep__incl.map for inclusion in the docs!
If you installed Graphviz/dot after a previous failing run, 
try deleting the output directory and rerun doxygen.
error: problems opening map file /home/wojtek/Desktop/zamp/etap2/program/dox/doc/html/main_8cpp__incl.map for inclusion in the docs!
If you installed Graphviz/dot after a previous failing run, 
try deleting the output directory and rerun doxygen.
error: problems opening map file /home/wojtek/Desktop/zamp/etap2/program/dox/doc/html/main_8cpp_a3c04138a5bfe5d72780bb7e82a18e627_cgraph.map for inclusion in the docs!
If you installed Graphviz/dot after a previous failing run, 
try deleting the output directory and rerun doxygen.
error: problems opening map file /home/wojtek/Desktop/zamp/etap2/program/dox/doc/html/MobileObj_8hh__incl.map for inclusion in the docs!
If you installed Graphviz/dot after a previous failing run, 
try deleting the output directory and rerun doxygen.
error: problems opening map file /home/wojtek/Desktop/zamp/etap2/program/dox/doc/html/MobileObj_8hh__dep__incl.map for inclusion in the docs!
If you installed Graphviz/dot after a previous failing run, 
try deleting the output directory and rerun doxygen.
error: problems opening map file /home/wojtek/Desktop/zamp/etap2/program/dox/doc/html/Port_8hh__dep__incl.map for inclusion in the docs!
If you installed Graphviz/dot after a previous failing run, 
try deleting the output directory and rerun doxygen.
error: problems opening map file /home/wojtek/Desktop/zamp/etap2/program/dox/doc/html/ProgramInterpreter_8hh__incl.map for inclusion in the docs!
If you installed Graphviz/dot after a previous failing run, 
try deleting the output directory and rerun doxygen.
error: problems opening map file /home/wojtek/Desktop/zamp/etap2/program/dox/doc/html/ProgramInterpreter_8hh__dep__incl.map for inclusion in the docs!
If you installed Graphviz/dot after a previous failing run, 
try deleting the output directory and rerun doxygen.
error: problems opening map file /home/wojtek/Desktop/zamp/etap2/program/dox/doc/html/Scene_8hh__incl.map for inclusion in the docs!
If you installed Graphviz/dot after a previous failing run, 
try deleting the output directory and rerun doxygen.
error: problems opening map file /home/wojtek/Desktop/zamp/etap2/program/dox/doc/html/Scene_8hh__dep__incl.map for inclusion in the docs!
If you installed Graphviz/dot after a previous failing run, 
try deleting the output directory and rerun doxygen.
error: problems opening map file /home/wojtek/Desktop/zamp/etap2/program/dox/doc/html/Set4LibInterfaces_8hh__incl.map for inclusion in the docs!
If you installed Graphviz/dot after a previous failing run, 
try deleting the output directory and rerun doxygen.
error: problems opening map file /home/wojtek/Desktop/zamp/etap2/program/dox/doc/html/Set4LibInterfaces_8hh__dep__incl.map for inclusion in the docs!
If you installed Graphviz/dot after a previous failing run, 
try deleting the output directory and rerun doxygen.
error: problems opening map file /home/wojtek/Desktop/zamp/etap2/program/dox/doc/html/Vector3D_8hh__incl.map for inclusion in the docs!
If you installed Graphviz/dot after a previous failing run, 
try deleting the output directory and rerun doxygen.
error: problems opening map file /home/wojtek/Desktop/zamp/etap2/program/dox/doc/html/Vector3D_8hh__dep__incl.map for inclusion in the docs!
If you installed Graphviz/dot after a previous failing run, 
try deleting the output directory and rerun doxygen.
error: problems opening map file /home/wojtek/Desktop/zamp/etap2/program/dox/doc/html/xmlinterp_8cpp__incl.map for inclusion in the docs!
If you installed Graphviz/dot after a previous failing run, 
try deleting the output directory and rerun doxygen.
error: problems opening map file /home/wojtek/Desktop/zamp/etap2/program/dox/doc/html/xmlinterp_8hh__incl.map for inclusion in the docs!
If you installed Graphviz/dot after a previous failing run, 
try deleting the output directory and rerun doxygen.
error: problems opening map file /home/wojtek/Desktop/zamp/etap2/program/dox/doc/html/xmlinterp_8hh__dep__incl.map for inclusion in the docs!
If you installed Graphviz/dot after a previous failing run, 
try deleting the output directory and rerun doxygen.
error: problems opening map file /home/wojtek/Desktop/zamp/etap2/program/dox/doc/html/classCuboid__inherit__graph.map for inclusion in the docs!
If you installed Graphviz/dot after a previous failing run, 
try deleting the output directory and rerun doxygen.
error: problems opening map file /home/wojtek/Desktop/zamp/etap2/program/dox/doc/html/classCuboid__coll__graph.map for inclusion in the docs!
If you installed Graphviz/dot after a previous failing run, 
try deleting the output directory and rerun doxygen.
error: problems opening map file /home/wojtek/Desktop/zamp/etap2/program/dox/doc/html/classInterp4Command__inherit__graph.map for inclusion in the docs!
If you installed Graphviz/dot after a previous failing run, 
try deleting the output directory and rerun doxygen.
error: problems opening map file /home/wojtek/Desktop/zamp/etap2/program/dox/doc/html/classInterp4Command_a620ba28206850d0bce8dbb2364c73366_cgraph.map for inclusion in the docs!
If you installed Graphviz/dot after a previous failing run, 
try deleting the output directory and rerun doxygen.
error: problems opening map file /home/wojtek/Desktop/zamp/etap2/program/dox/doc/html/classInterp4Command_abade460a39eb9ea6f846684b41721938_icgraph.map for inclusion in the docs!
If you installed Graphviz/dot after a previous failing run, 
try deleting the output directory and rerun doxygen.
error: problems opening map file /home/wojtek/Desktop/zamp/etap2/program/dox/doc/html/classInterp4Command_a9b1bff7ff363991b35965ae9dfeac648_icgraph.map for inclusion in the docs!
If you installed Graphviz/dot after a previous failing run, 
try deleting the output directory and rerun doxygen.
error: problems opening map file /home/wojtek/Desktop/zamp/etap2/program/dox/doc/html/classInterp4Command_a08fbbf2a70cdac46930b0eba6f5f361c_icgraph.map for inclusion in the docs!
If you installed Graphviz/dot after a previous failing run, 
try deleting the output directory and rerun doxygen.
error: problems opening map file /home/wojtek/Desktop/zamp/etap2/program/dox/doc/html/classInterp4Command_a693ca79d24ba27d11a19ed6fc90c37b9_icgraph.map for inclusion in the docs!
If you installed Graphviz/dot after a previous failing run, 
try deleting the output directory and rerun doxygen.
error: problems opening map file /home/wojtek/Desktop/zamp/etap2/program/dox/doc/html/classInterp4Command_a3e15ef01af10fa8961926fd9b0274ab8_icgraph.map for inclusion in the docs!
If you installed Graphviz/dot after a previous failing run, 
try deleting the output directory and rerun doxygen.
error: problems opening map file /home/wojtek/Desktop/zamp/etap2/program/dox/doc/html/classInterp4Move__inherit__graph.map for inclusion in the docs!
If you installed Graphviz/dot after a previous failing run, 
try deleting the output directory and rerun doxygen.
error: problems opening map file /home/wojtek/Desktop/zamp/etap2/program/dox/doc/html/classInterp4Move__coll__graph.map for inclusion in the docs!
If you installed Graphviz/dot after a previous failing run, 
try deleting the output directory and rerun doxygen.
error: problems opening map file /home/wojtek/Desktop/zamp/etap2/program/dox/doc/html/classInterp4Move_a66191f9fe67d4b0fd4d35da3b9927518_icgraph.map for inclusion in the docs!
If you installed Graphviz/dot after a previous failing run, 
try deleting the output directory and rerun doxygen.
error: problems opening map file /home/wojtek/Desktop/zamp/etap2/program/dox/doc/html/classInterp4Move_a6a224a2af44460ab5fd13167fbadf96b_cgraph.map for inclusion in the docs!
If you installed Graphviz/dot after a previous failing run, 
try deleting the output directory and rerun doxygen.
error: problems opening map file /home/wojtek/Desktop/zamp/etap2/program/dox/doc/html/classInterp4Move_a6a224a2af44460ab5fd13167fbadf96b_icgraph.map for inclusion in the docs!
If you installed Graphviz/dot after a previous failing run, 
try deleting the output directory and rerun doxygen.
error: problems opening map file /home/wojtek/Desktop/zamp/etap2/program/dox/doc/html/classInterp4Move_aae1e3bf7fc34076f19d857a8cd30082e_cgraph.map for inclusion in the docs!
If you installed Graphviz/dot after a previous failing run, 
try deleting the output directory and rerun doxygen.
error: problems opening map file /home/wojtek/Desktop/zamp/etap2/program/dox/doc/html/classInterp4Move_aae1e3bf7fc34076f19d857a8cd30082e_icgraph.map for inclusion in the docs!
If you installed Graphviz/dot after a previous failing run, 
try deleting the output directory and rerun doxygen.
error: problems opening map file /home/wojtek/Desktop/zamp/etap2/program/dox/doc/html/classInterp4Move_a83a48fe1db612f65539ed888c434c2b5_cgraph.map for inclusion in the docs!
If you installed Graphviz/dot after a previous failing run, 
try deleting the output directory and rerun doxygen.
error: problems opening map file /home/wojtek/Desktop/zamp/etap2/program/dox/doc/html/classInterp4Move_a9668ab16becc4f26de22a764925906e7_cgraph.map for inclusion in the docs!
If you installed Graphviz/dot after a previous failing run, 
try deleting the output directory and rerun doxygen.
error: problems opening map file /home/wojtek/Desktop/zamp/etap2/program/dox/doc/html/classInterp4Pause__inherit__graph.map for inclusion in the docs!
If you installed Graphviz/dot after a previous failing run, 
try deleting the output directory and rerun doxygen.
error: problems opening map file /home/wojtek/Desktop/zamp/etap2/program/dox/doc/html/classInterp4Pause__coll__graph.map for inclusion in the docs!
If you installed Graphviz/dot after a previous failing run, 
try deleting the output directory and rerun doxygen.
error: problems opening map file /home/wojtek/Desktop/zamp/etap2/program/dox/doc/html/classInterp4Pause_a8ed3abb0ba307e144e4c07f586f48eb9_icgraph.map for inclusion in the docs!
If you installed Graphviz/dot after a previous failing run, 
try deleting the output directory and rerun doxygen.
error: problems opening map file /home/wojtek/Desktop/zamp/etap2/program/dox/doc/html/classInterp4Pause_a83787a2f3cc02c0164597ff506fed3de_cgraph.map for inclusion in the docs!
If you installed Graphviz/dot after a previous failing run, 
try deleting the output directory and rerun doxygen.
error: problems opening map file /home/wojtek/Desktop/zamp/etap2/program/dox/doc/html/classInterp4Pause_a83787a2f3cc02c0164597ff506fed3de_icgraph.map for inclusion in the docs!
If you installed Graphviz/dot after a previous failing run, 
try deleting the output directory and rerun doxygen.
error: problems opening map file /home/wojtek/Desktop/zamp/etap2/program/dox/doc/html/classInterp4Pause_a2c2cff88acbf4b30147d60f47f181494_cgraph.map for inclusion in the docs!
If you installed Graphviz/dot after a previous failing run, 
try deleting the output directory and rerun doxygen.
error: problems opening map file /home/wojtek/Desktop/zamp/etap2/program/dox/doc/html/classInterp4Pause_a2c2cff88acbf4b30147d60f47f181494_icgraph.map for inclusion in the docs!
If you installed Graphviz/dot after a previous failing run, 
try deleting the output directory and rerun doxygen.
error: problems opening map file /home/wojtek/Desktop/zamp/etap2/program/dox/doc/html/classInterp4Pause_a53181eb25fc5a9c0104400f561c8ce62_cgraph.map for inclusion in the docs!
If you installed Graphviz/dot after a previous failing run, 
try deleting the output directory and rerun doxygen.
error: problems opening map file /home/wojtek/Desktop/zamp/etap2/program/dox/doc/html/classInterp4Pause_aa12d0dd443e7c46c88f3f139d7382a1d_cgraph.map for inclusion in the docs!
If you installed Graphviz/dot after a previous failing run, 
try deleting the output directory and rerun doxygen.
error: problems opening map file /home/wojtek/Desktop/zamp/etap2/program/dox/doc/html/classInterp4Rotate__inherit__graph.map for inclusion in the docs!
If you installed Graphviz/dot after a previous failing run, 
try deleting the output directory and rerun doxygen.
error: problems opening map file /home/wojtek/Desktop/zamp/etap2/program/dox/doc/html/classInterp4Rotate__coll__graph.map for inclusion in the docs!
If you installed Graphviz/dot after a previous failing run, 
try deleting the output directory and rerun doxygen.
error: problems opening map file /home/wojtek/Desktop/zamp/etap2/program/dox/doc/html/classInterp4Rotate_aaf3f5db3c3f9a49ea4f9e5af74f0f240_icgraph.map for inclusion in the docs!
If you installed Graphviz/dot after a previous failing run, 
try deleting the output directory and rerun doxygen.
error: problems opening map file /home/wojtek/Desktop/zamp/etap2/program/dox/doc/html/classInterp4Rotate_acd9e8ff38a42487c17c98d28d8d81532_cgraph.map for inclusion in the docs!
If you installed Graphviz/dot after a previous failing run, 
try deleting the output directory and rerun doxygen.
error: problems opening map file /home/wojtek/Desktop/zamp/etap2/program/dox/doc/html/classInterp4Rotate_acd9e8ff38a42487c17c98d28d8d81532_icgraph.map for inclusion in the docs!
If you installed Graphviz/dot after a previous failing run, 
try deleting the output directory and rerun doxygen.
error: problems opening map file /home/wojtek/Desktop/zamp/etap2/program/dox/doc/html/classInterp4Rotate_a72ca6a7b4049030cd17af9cce98b2b5f_cgraph.map for inclusion in the docs!
If you installed Graphviz/dot after a previous failing run, 
try deleting the output directory and rerun doxygen.
error: problems opening map file /home/wojtek/Desktop/zamp/etap2/program/dox/doc/html/classInterp4Rotate_a72ca6a7b4049030cd17af9cce98b2b5f_icgraph.map for inclusion in the docs!
If you installed Graphviz/dot after a previous failing run, 
try deleting the output directory and rerun doxygen.
error: problems opening map file /home/wojtek/Desktop/zamp/etap2/program/dox/doc/html/classInterp4Rotate_afe8f0132a28f367334eb9460e3abdd11_cgraph.map for inclusion in the docs!
If you installed Graphviz/dot after a previous failing run, 
try deleting the output directory and rerun doxygen.
error: problems opening map file /home/wojtek/Desktop/zamp/etap2/program/dox/doc/html/classInterp4Rotate_a7a9896e29d1137699a9d5171e6133ffb_cgraph.map for inclusion in the docs!
If you installed Graphviz/dot after a previous failing run, 
try deleting the output directory and rerun doxygen.
error: problems opening map file /home/wojtek/Desktop/zamp/etap2/program/dox/doc/html/classInterp4Set__inherit__graph.map for inclusion in the docs!
If you installed Graphviz/dot after a previous failing run, 
try deleting the output directory and rerun doxygen.
error: problems opening map file /home/wojtek/Desktop/zamp/etap2/program/dox/doc/html/classInterp4Set__coll__graph.map for inclusion in the docs!
If you installed Graphviz/dot after a previous failing run, 
try deleting the output directory and rerun doxygen.
error: problems opening map file /home/wojtek/Desktop/zamp/etap2/program/dox/doc/html/classInterp4Set_a1b3de8fc06124f8a37d188e6486e45d3_icgraph.map for inclusion in the docs!
If you installed Graphviz/dot after a previous failing run, 
try deleting the output directory and rerun doxygen.
error: problems opening map file /home/wojtek/Desktop/zamp/etap2/program/dox/doc/html/classInterp4Set_a05535040832e686d3519cd6399f80933_cgraph.map for inclusion in the docs!
If you installed Graphviz/dot after a previous failing run, 
try deleting the output directory and rerun doxygen.
error: problems opening map file /home/wojtek/Desktop/zamp/etap2/program/dox/doc/html/classInterp4Set_a05535040832e686d3519cd6399f80933_icgraph.map for inclusion in the docs!
If you installed Graphviz/dot after a previous failing run, 
try deleting the output directory and rerun doxygen.
error: problems opening map file /home/wojtek/Desktop/zamp/etap2/program/dox/doc/html/classInterp4Set_a7e61011caf16bc5bcdae597dc58db324_cgraph.map for inclusion in the docs!
If you installed Graphviz/dot after a previous failing run, 
try deleting the output directory and rerun doxygen.
error: problems opening map file /home/wojtek/Desktop/zamp/etap2/program/dox/doc/html/classInterp4Set_a7e61011caf16bc5bcdae597dc58db324_icgraph.map for inclusion in the docs!
If you installed Graphviz/dot after a previous failing run, 
try deleting the output directory and rerun doxygen.
error: problems opening map file /home/wojtek/Desktop/zamp/etap2/program/dox/doc/html/classInterp4Set_a71cdc0ef89ff18a6f2044536a8d7fead_cgraph.map for inclusion in the docs!
If you installed Graphviz/dot after a previous failing run, 
try deleting the output directory and rerun doxygen.
error: problems opening map file /home/wojtek/Desktop/zamp/etap2/program/dox/doc/html/classInterp4Set_a527548fa6941cd398468835c6f861b3f_cgraph.map for inclusion in the docs!
If you installed Graphviz/dot after a previous failing run, 
try deleting the output directory and rerun doxygen.
error: problems opening map file /home/wojtek/Desktop/zamp/etap2/program/dox/doc/html/classLibInterface__coll__graph.map for inclusion in the docs!
If you installed Graphviz/dot after a previous failing run, 
try deleting the output directory and rerun doxygen.
error: problems opening map file /home/wojtek/Desktop/zamp/etap2/program/dox/doc/html/classLibInterface_a9db717a7c50f80138bc583a4e6104a30_cgraph.map for inclusion in the docs!
If you installed Graphviz/dot after a previous failing run, 
try deleting the output directory and rerun doxygen.
error: problems opening map file /home/wojtek/Desktop/zamp/etap2/program/dox/doc/html/classMobileObj__inherit__graph.map for inclusion in the docs!
If you installed Graphviz/dot after a previous failing run, 
try deleting the output directory and rerun doxygen.
error: problems opening map file /home/wojtek/Desktop/zamp/etap2/program/dox/doc/html/classMobileObj__coll__graph.map for inclusion in the docs!
If you installed Graphviz/dot after a previous failing run, 
try deleting the output directory and rerun doxygen.
error: problems opening map file /home/wojtek/Desktop/zamp/etap2/program/dox/doc/html/classProgramInterpreter__coll__graph.map for inclusion in the docs!
If you installed Graphviz/dot after a previous failing run, 
try deleting the output directory and rerun doxygen.
error: problems opening map file /home/wojtek/Desktop/zamp/etap2/program/dox/doc/html/classProgramInterpreter_afce17fb26f6d8b432400e41799c90549_cgraph.map for inclusion in the docs!
If you installed Graphviz/dot after a previous failing run, 
try deleting the output directory and rerun doxygen.
error: problems opening map file /home/wojtek/Desktop/zamp/etap2/program/dox/doc/html/classProgramInterpreter_afce17fb26f6d8b432400e41799c90549_icgraph.map for inclusion in the docs!
If you installed Graphviz/dot after a previous failing run, 
try deleting the output directory and rerun doxygen.
error: problems opening map file /home/wojtek/Desktop/zamp/etap2/program/dox/doc/html/classProgramInterpreter_a1d3f49787ae09db356d1f064d90073e3_icgraph.map for inclusion in the docs!
If you installed Graphviz/dot after a previous failing run, 
try deleting the output directory and rerun doxygen.
error: problems opening map file /home/wojtek/Desktop/zamp/etap2/program/dox/doc/html/classSet4LibInterfaces_adf40bcca97ab2937436c257bec09f542_icgraph.map for inclusion in the docs!
If you installed Graphviz/dot after a previous failing run, 
try deleting the output directory and rerun doxygen.
error: problems opening map file /home/wojtek/Desktop/zamp/etap2/program/dox/doc/html/classXMLInterp4Config__inherit__graph.map for inclusion in the docs!
If you installed Graphviz/dot after a previous failing run, 
try deleting the output directory and rerun doxygen.
error: problems opening map file /home/wojtek/Desktop/zamp/etap2/program/dox/doc/html/classXMLInterp4Config__coll__graph.map for inclusion in the docs!
If you installed Graphviz/dot after a previous failing run, 
try deleting the output directory and rerun doxygen.
error: problems opening map file /home/wojtek/Desktop/zamp/etap2/program/dox/doc/html/namespacegeom_ae7cf32f8462c8e56413fe6564b18cebe_icgraph.map for inclusion in the docs!
If you installed Graphviz/dot after a previous failing run, 
try deleting the output directory and rerun doxygen.
error: problems opening map file /home/wojtek/Desktop/zamp/etap2/program/dox/doc/html/classgeom_1_1Vector__inherit__graph.map for inclusion in the docs!
If you installed Graphviz/dot after a previous failing run, 
try deleting the output directory and rerun doxygen.
error: problems opening map file /home/wojtek/Desktop/zamp/etap2/program/dox/doc/html/classgeom_1_1Vector__coll__graph.map for inclusion in the docs!
If you installed Graphviz/dot after a previous failing run, 
try deleting the output directory and rerun doxygen.
error: problems opening map file /home/wojtek/Desktop/zamp/etap2/program/dox/doc/html/classgeom_1_1Vector_ab61e8a0071fce9a35785033c48c7f256_icgraph.map for inclusion in the docs!
If you installed Graphviz/dot after a previous failing run, 
try deleting the output directory and rerun doxygen.
error: problems opening map file /home/wojtek/Desktop/zamp/etap2/program/dox/doc/html/classgeom_1_1Vector_abc4ad52f3fe464ae0aa8c06830e095f0_icgraph.map for inclusion in the docs!
If you installed Graphviz/dot after a previous failing run, 
try deleting the output directory and rerun doxygen.
error: problems opening map file /home/wojtek/Desktop/zamp/etap2/program/dox/doc/html/classgeom_1_1Vector_a079e4dfa05cae252743a011845be9380_icgraph.map for inclusion in the docs!
If you installed Graphviz/dot after a previous failing run, 
try deleting the output directory and rerun doxygen.
error: problems opening map file /home/wojtek/Desktop/zamp/etap2/program/dox/doc/html/classgeom_1_1Vector_a6177b4b7c264345057bc97fe59f24e1b_icgraph.map for inclusion in the docs!
If you installed Graphviz/dot after a previous failing run, 
try deleting the output directory and rerun doxygen.
error: problems opening map file /home/wojtek/Desktop/zamp/etap2/program/dox/doc/html/classgeom_1_1Vector_a22e2b0ee867b24e5c28986c450dfa015_icgraph.map for inclusion in the docs!
If you installed Graphviz/dot after a previous failing run, 
try deleting the output directory and rerun doxygen.
error: problems opening map file /home/wojtek/Desktop/zamp/etap2/program/dox/doc/html/classgeom_1_1Vector_ab3ba3eea9ce5b60c0bdaa6cd0062a2e0_icgraph.map for inclusion in the docs!
If you installed Graphviz/dot after a previous failing run, 
try deleting the output directory and rerun doxygen.
error: problems opening map file /home/wojtek/Desktop/zamp/etap2/program/dox/doc/html/classgeom_1_1Vector_a2eb537bd0153ac0898a47dc10b0512a1_icgraph.map for inclusion in the docs!
If you installed Graphviz/dot after a previous failing run, 
try deleting the output directory and rerun doxygen.
error: problems opening map file /home/wojtek/Desktop/zamp/etap2/program/dox/doc/html/classgeom_1_1Vector_ad26800e2f6dd4d02a6a5c04d9993c41e_icgraph.map for inclusion in the docs!
If you installed Graphviz/dot after a previous failing run, 
try deleting the output directory and rerun doxygen.
error: problems opening map file /home/wojtek/Desktop/zamp/etap2/program/dox/doc/html/classgeom_1_1Vector_ade22504afc1efd37089d2921edf8d036_icgraph.map for inclusion in the docs!
If you installed Graphviz/dot after a previous failing run, 
try deleting the output directory and rerun doxygen.
error: problems opening map file /home/wojtek/Desktop/zamp/etap2/program/dox/doc/html/classgeom_1_1Vector_a1c9f0be69f15611dc2eb5afc18afdcde_icgraph.map for inclusion in the docs!
If you installed Graphviz/dot after a previous failing run, 
try deleting the output directory and rerun doxygen.
error: problems opening map file /home/wojtek/Desktop/zamp/etap2/program/dox/doc/html/classgeom_1_1Vector_a2036ad643efa0a17f8f1e242b9f30c96_icgraph.map for inclusion in the docs!
If you installed Graphviz/dot after a previous failing run, 
try deleting the output directory and rerun doxygen.
error: problems opening map file /home/wojtek/Desktop/zamp/etap2/program/dox/doc/html/classgeom_1_1Vector_af40279932a4f4081f432c7e9866f6279_icgraph.map for inclusion in the docs!
If you installed Graphviz/dot after a previous failing run, 
try deleting the output directory and rerun doxygen.
error: problems opening map file /home/wojtek/Desktop/zamp/etap2/program/dox/doc/html/dir_b58d0ee721b2087e51cb0bcc78a10465_dep.map for inclusion in the docs!
If you installed Graphviz/dot after a previous failing run, 
try deleting the output directory and rerun doxygen.
error: problems opening map file /home/wojtek/Desktop/zamp/etap2/program/dox/doc/html/dir_b4c3aec6cd8f28418150dce663061cfa_dep.map for inclusion in the docs!
If you installed Graphviz/dot after a previous failing run, 
try deleting the output directory and rerun doxygen.
error: problems opening map file /home/wojtek/Desktop/zamp/etap2/program/dox/doc/html/dir_e5c39bd51a803044aa486678acd3aea1_dep.map for inclusion in the docs!
If you installed Graphviz/dot after a previous failing run, 
try deleting the output directory and rerun doxygen.
error: problems opening map file /home/wojtek/Desktop/zamp/etap2/program/dox/doc/html/dir_68267d1309a1af8e8297ef4c3efbcdba_dep.map for inclusion in the docs!
If you installed Graphviz/dot after a previous failing run, 
try deleting the output directory and rerun doxygen.
error: problems opening map file /home/wojtek/Desktop/zamp/etap2/program/dox/doc/html/inherit_graph_0.map for inclusion in the docs!
If you installed Graphviz/dot after a previous failing run, 
try deleting the output directory and rerun doxygen.
error: problems opening map file /home/wojtek/Desktop/zamp/etap2/program/dox/doc/html/inherit_graph_1.map for inclusion in the docs!
If you installed Graphviz/dot after a previous failing run, 
try deleting the output directory and rerun doxygen.
error: problems opening map file /home/wojtek/Desktop/zamp/etap2/program/dox/doc/html/inherit_graph_2.map for inclusion in the docs!
If you installed Graphviz/dot after a previous failing run, 
try deleting the output directory and rerun doxygen.
error: problems opening map file /home/wojtek/Desktop/zamp/etap2/program/dox/doc/html/inherit_graph_3.map for inclusion in the docs!
If you installed Graphviz/dot after a previous failing run, 
try deleting the output directory and rerun doxygen.
error: problems opening map file /home/wojtek/Desktop/zamp/etap2/program/dox/doc/html/inherit_graph_4.map for inclusion in the docs!
If you installed Graphviz/dot after a previous failing run, 
try deleting the output directory and rerun doxygen.
error: problems opening map file /home/wojtek/Desktop/zamp/etap2/program/dox/doc/html/inherit_graph_5.map for inclusion in the docs!
If you installed Graphviz/dot after a previous failing run, 
try deleting the output directory and rerun doxygen.
error: problems opening map file /home/wojtek/Desktop/zamp/etap2/program/dox/doc/html/inherit_graph_6.map for inclusion in the docs!
If you installed Graphviz/dot after a previous failing run, 
try deleting the output directory and rerun doxygen.
error: problems opening map file /home/wojtek/Desktop/zamp/etap2/program/dox/doc/html/inherit_graph_7.map for inclusion in the docs!
If you installed Graphviz/dot after a previous failing run, 
try deleting the output directory and rerun doxygen.
error: problems opening map file /home/wojtek/Desktop/zamp/etap2/program/dox/doc/html/inherit_graph_8.map for inclusion in the docs!
If you installed Graphviz/dot after a previous failing run, 
try deleting the output directory and rerun doxygen.
error: problems opening map file /home/wojtek/Desktop/zamp/etap2/program/dox/doc/html/inherit_graph_9.map for inclusion in the docs!
If you installed Graphviz/dot after a previous failing run, 
try deleting the output directory and rerun doxygen.
error: problems opening map file /home/wojtek/Desktop/zamp/etap2/program/dox/doc/html/inherit_graph_10.map for inclusion in the docs!
If you installed Graphviz/dot after a previous failing run, 
try deleting the output directory and rerun doxygen.
